<?xml version="1.0" encoding="UTF-8"?>
<!-- Generated by org.testng.reporters.JUnitReportReporter -->
<testsuite hostname="REEHANA-PC" name="testngframework.SuiteDataProvider" tests="3" failures="1" timestamp="10 Dec 2018 11:42:51 GMT" time="8.550" errors="0">
  <testcase name="close" time="0.186" classname="testngframework.SuiteDataProvider"/>
  <testcase name="launch" time="8.364" classname="testngframework.SuiteDataProvider"/>
  <testcase name="search" time="0.000" classname="testngframework.SuiteDataProvider">
    <failure type="org.testng.TestNGException" message="
Parameter &#039;searchword&#039; is required by @Test on method search but has not been marked @Optional or defined
in C:\Users\WONDER\AppData\Local\Temp\testng-eclipse--988591928\testng-customsuite.xml">
      <![CDATA[org.testng.TestNGException: 
Parameter 'searchword' is required by @Test on method search but has not been marked @Optional or defined
in C:\Users\WONDER\AppData\Local\Temp\testng-eclipse--988591928\testng-customsuite.xml
	at org.testng.internal.Parameters.createParameters(Parameters.java:155)
	at org.testng.internal.Parameters.createParameters(Parameters.java:355)
	at org.testng.internal.Parameters.handleParameters(Parameters.java:447)
	at org.testng.internal.Invoker.handleParameters(Invoker.java:1389)
	at org.testng.internal.Invoker.createParameters(Invoker.java:1081)
	at org.testng.internal.Invoker.invokeTestMethods(Invoker.java:1186)
	at org.testng.internal.TestMethodWorker.invokeTestMethods(TestMethodWorker.java:127)
	at org.testng.internal.TestMethodWorker.run(TestMethodWorker.java:111)
	at org.testng.TestRunner.privateRun(TestRunner.java:767)
	at org.testng.TestRunner.run(TestRunner.java:617)
	at org.testng.SuiteRunner.runTest(SuiteRunner.java:334)
	at org.testng.SuiteRunner.runSequentially(SuiteRunner.java:329)
	at org.testng.SuiteRunner.privateRun(SuiteRunner.java:291)
	at org.testng.SuiteRunner.run(SuiteRunner.java:240)
	at org.testng.SuiteRunnerWorker.runSuite(SuiteRunnerWorker.java:51)
	at org.testng.SuiteRunnerWorker.run(SuiteRunnerWorker.java:85)
	at org.testng.TestNG.runSuitesSequentially(TestNG.java:1197)
	at org.testng.TestNG.runSuitesLocally(TestNG.java:1122)
	at org.testng.TestNG.run(TestNG.java:1030)
	at org.testng.remote.AbstractRemoteTestNG.run(AbstractRemoteTestNG.java:114)
	at org.testng.remote.RemoteTestNG.initAndRun(RemoteTestNG.java:251)
	at org.testng.remote.RemoteTestNG.main(RemoteTestNG.java:77)
]]>
    </failure>
  </testcase> <!-- search -->
</testsuite> <!-- testngframework.SuiteDataProvider -->
